<?xml version="1.0" encoding="UTF-8"?>
<testng-results skipped="0" failed="0" ignored="0" total="1" passed="1">
  <reporter-output>
  </reporter-output>
  <suite name="Default suite" duration-ms="4648" started-at="2019-10-19T15:18:43Z" finished-at="2019-10-19T15:18:48Z">
    <groups>
    </groups>
    <test name="Default test" duration-ms="4648" started-at="2019-10-19T15:18:43Z" finished-at="2019-10-19T15:18:48Z">
      <class name="com.api.rest.restAPI">
        <test-method status="PASS" signature="testRestAPI()[pri:0, instance:com.api.rest.restAPI@27f723]" name="testRestAPI" duration-ms="4619" started-at="2019-10-19T15:18:43Z" finished-at="2019-10-19T15:18:48Z">
          <reporter-output>
          </reporter-output>
        </test-method> <!-- testRestAPI -->
      </class> <!-- com.api.rest.restAPI -->
    </test> <!-- Default test -->
  </suite> <!-- Default suite -->
</testng-results>
